[debug] [2024-04-27T00:29:37.149Z] ----------------------------------------------------------------------
[debug] [2024-04-27T00:29:37.151Z] Command:       C:\Program Files\nodejs\node.exe C:\Users\carlo\AppData\Roaming\npm\node_modules\firebase-tools\lib\bin\firebase.js deploy
[debug] [2024-04-27T00:29:37.151Z] CLI Version:   13.7.3
[debug] [2024-04-27T00:29:37.152Z] Platform:      win32
[debug] [2024-04-27T00:29:37.152Z] Node Version:  v21.4.0
[debug] [2024-04-27T00:29:37.152Z] Time:          Fri Apr 26 2024 18:29:37 GMT-0600 (hora estándar central)
[debug] [2024-04-27T00:29:37.152Z] ----------------------------------------------------------------------
[debug] 
[debug] [2024-04-27T00:29:37.241Z] > command requires scopes: ["email","openid","https://www.googleapis.com/auth/cloudplatformprojects.readonly","https://www.googleapis.com/auth/firebase","https://www.googleapis.com/auth/cloud-platform"]
[debug] [2024-04-27T00:29:37.242Z] > authorizing via signed-in user (carloivan2910@gmail.com)
[debug] [2024-04-27T00:29:37.242Z] [iam] checking project mitransporte-768d7 for permissions ["firebase.projects.get","firebasehosting.sites.update"]
[debug] [2024-04-27T00:29:37.244Z] >>> [apiv2][query] POST https://cloudresourcemanager.googleapis.com/v1/projects/mitransporte-768d7:testIamPermissions [none]
[debug] [2024-04-27T00:29:37.244Z] >>> [apiv2][(partial)header] POST https://cloudresourcemanager.googleapis.com/v1/projects/mitransporte-768d7:testIamPermissions x-goog-quota-user=projects/mitransporte-768d7
[debug] [2024-04-27T00:29:37.245Z] >>> [apiv2][body] POST https://cloudresourcemanager.googleapis.com/v1/projects/mitransporte-768d7:testIamPermissions {"permissions":["firebase.projects.get","firebasehosting.sites.update"]}
[debug] [2024-04-27T00:29:37.699Z] <<< [apiv2][status] POST https://cloudresourcemanager.googleapis.com/v1/projects/mitransporte-768d7:testIamPermissions 200
[debug] [2024-04-27T00:29:37.700Z] <<< [apiv2][body] POST https://cloudresourcemanager.googleapis.com/v1/projects/mitransporte-768d7:testIamPermissions {"permissions":["firebase.projects.get","firebasehosting.sites.update"]}
[debug] [2024-04-27T00:29:37.701Z] >>> [apiv2][query] GET https://firebase.googleapis.com/v1beta1/projects/mitransporte-768d7 [none]
[debug] [2024-04-27T00:29:37.997Z] <<< [apiv2][status] GET https://firebase.googleapis.com/v1beta1/projects/mitransporte-768d7 200
[debug] [2024-04-27T00:29:37.997Z] <<< [apiv2][body] GET https://firebase.googleapis.com/v1beta1/projects/mitransporte-768d7 {"projectId":"mitransporte-768d7","projectNumber":"938542202756","displayName":"MITransporte","name":"projects/mitransporte-768d7","resources":{"hostingSite":"mitransporte-768d7","realtimeDatabaseInstance":"mitransporte-768d7-default-rtdb"},"state":"ACTIVE","etag":"1_c54fde8c-1b8d-43a8-a618-82aa84f741c7"}
[info] 
[info] === Deploying to 'mitransporte-768d7'...
[info] 
[info] i  deploying hosting 
[debug] [2024-04-27T00:29:38.012Z] >>> [apiv2][query] POST https://firebasehosting.googleapis.com/v1beta1/projects/-/sites/mitransporte-768d7/versions [none]
[debug] [2024-04-27T00:29:38.012Z] >>> [apiv2][body] POST https://firebasehosting.googleapis.com/v1beta1/projects/-/sites/mitransporte-768d7/versions {"status":"CREATED","labels":{"deployment-tool":"cli-firebase"}}
[debug] [2024-04-27T00:29:38.705Z] <<< [apiv2][status] POST https://firebasehosting.googleapis.com/v1beta1/projects/-/sites/mitransporte-768d7/versions 200
[debug] [2024-04-27T00:29:38.705Z] <<< [apiv2][body] POST https://firebasehosting.googleapis.com/v1beta1/projects/-/sites/mitransporte-768d7/versions {"name":"projects/938542202756/sites/mitransporte-768d7/versions/a76d523d17e085cf","status":"CREATED","config":{},"labels":{"deployment-tool":"cli-firebase"}}
[info] i  hosting[mitransporte-768d7]: beginning deploy... 
[debug] [2024-04-27T00:30:17.229Z] Error: EPERM: operation not permitted, scandir 'C:\Users\carlo\AppData\Local\Archivos temporales de Internet'
    at Object.readdirSync (node:fs:1517:26)
    at GlobSync._readdir (C:\Users\carlo\AppData\Roaming\npm\node_modules\firebase-tools\node_modules\glob\sync.js:288:46)
    at GlobSync._readdirInGlobStar (C:\Users\carlo\AppData\Roaming\npm\node_modules\firebase-tools\node_modules\glob\sync.js:245:17)
    at GlobSync._readdir (C:\Users\carlo\AppData\Roaming\npm\node_modules\firebase-tools\node_modules\glob\sync.js:276:17)
    at GlobSync._processReaddir (C:\Users\carlo\AppData\Roaming\npm\node_modules\firebase-tools\node_modules\glob\sync.js:137:22)
    at GlobSync._process (C:\Users\carlo\AppData\Roaming\npm\node_modules\firebase-tools\node_modules\glob\sync.js:132:10)
    at GlobSync._processGlobStar (C:\Users\carlo\AppData\Roaming\npm\node_modules\firebase-tools\node_modules\glob\sync.js:380:10)
    at GlobSync._process (C:\Users\carlo\AppData\Roaming\npm\node_modules\firebase-tools\node_modules\glob\sync.js:130:10)
    at GlobSync._processGlobStar (C:\Users\carlo\AppData\Roaming\npm\node_modules\firebase-tools\node_modules\glob\sync.js:383:10)
    at GlobSync._process (C:\Users\carlo\AppData\Roaming\npm\node_modules\firebase-tools\node_modules\glob\sync.js:130:10)
[error] 
[error] Error: An unexpected error has occurred.
[debug] [2024-04-27T00:31:58.790Z] ----------------------------------------------------------------------
[debug] [2024-04-27T00:31:58.792Z] Command:       C:\Program Files\nodejs\node.exe C:\Users\carlo\AppData\Roaming\npm\node_modules\firebase-tools\lib\bin\firebase.js deploy
[debug] [2024-04-27T00:31:58.793Z] CLI Version:   13.7.3
[debug] [2024-04-27T00:31:58.793Z] Platform:      win32
[debug] [2024-04-27T00:31:58.793Z] Node Version:  v21.4.0
[debug] [2024-04-27T00:31:58.793Z] Time:          Fri Apr 26 2024 18:31:58 GMT-0600 (hora estándar central)
[debug] [2024-04-27T00:31:58.793Z] ----------------------------------------------------------------------
[debug] 
[debug] [2024-04-27T00:31:58.875Z] > command requires scopes: ["email","openid","https://www.googleapis.com/auth/cloudplatformprojects.readonly","https://www.googleapis.com/auth/firebase","https://www.googleapis.com/auth/cloud-platform"]
[debug] [2024-04-27T00:31:58.876Z] > authorizing via signed-in user (carloivan2910@gmail.com)
[debug] [2024-04-27T00:31:58.876Z] [iam] checking project mitransporte-768d7 for permissions ["firebase.projects.get","firebasehosting.sites.update"]
[debug] [2024-04-27T00:31:58.879Z] >>> [apiv2][query] POST https://cloudresourcemanager.googleapis.com/v1/projects/mitransporte-768d7:testIamPermissions [none]
[debug] [2024-04-27T00:31:58.879Z] >>> [apiv2][(partial)header] POST https://cloudresourcemanager.googleapis.com/v1/projects/mitransporte-768d7:testIamPermissions x-goog-quota-user=projects/mitransporte-768d7
[debug] [2024-04-27T00:31:58.879Z] >>> [apiv2][body] POST https://cloudresourcemanager.googleapis.com/v1/projects/mitransporte-768d7:testIamPermissions {"permissions":["firebase.projects.get","firebasehosting.sites.update"]}
[debug] [2024-04-27T00:31:59.320Z] <<< [apiv2][status] POST https://cloudresourcemanager.googleapis.com/v1/projects/mitransporte-768d7:testIamPermissions 200
[debug] [2024-04-27T00:31:59.320Z] <<< [apiv2][body] POST https://cloudresourcemanager.googleapis.com/v1/projects/mitransporte-768d7:testIamPermissions {"permissions":["firebase.projects.get","firebasehosting.sites.update"]}
[debug] [2024-04-27T00:31:59.321Z] >>> [apiv2][query] GET https://firebase.googleapis.com/v1beta1/projects/mitransporte-768d7 [none]
[debug] [2024-04-27T00:31:59.629Z] <<< [apiv2][status] GET https://firebase.googleapis.com/v1beta1/projects/mitransporte-768d7 200
[debug] [2024-04-27T00:31:59.630Z] <<< [apiv2][body] GET https://firebase.googleapis.com/v1beta1/projects/mitransporte-768d7 {"projectId":"mitransporte-768d7","projectNumber":"938542202756","displayName":"MITransporte","name":"projects/mitransporte-768d7","resources":{"hostingSite":"mitransporte-768d7","realtimeDatabaseInstance":"mitransporte-768d7-default-rtdb"},"state":"ACTIVE","etag":"1_c54fde8c-1b8d-43a8-a618-82aa84f741c7"}
[info] 
[info] === Deploying to 'mitransporte-768d7'...
[info] 
[info] i  deploying hosting 
[debug] [2024-04-27T00:31:59.643Z] >>> [apiv2][query] POST https://firebasehosting.googleapis.com/v1beta1/projects/-/sites/mitransporte-768d7/versions [none]
[debug] [2024-04-27T00:31:59.643Z] >>> [apiv2][body] POST https://firebasehosting.googleapis.com/v1beta1/projects/-/sites/mitransporte-768d7/versions {"status":"CREATED","labels":{"deployment-tool":"cli-firebase"}}
[debug] [2024-04-27T00:32:00.326Z] <<< [apiv2][status] POST https://firebasehosting.googleapis.com/v1beta1/projects/-/sites/mitransporte-768d7/versions 200
[debug] [2024-04-27T00:32:00.326Z] <<< [apiv2][body] POST https://firebasehosting.googleapis.com/v1beta1/projects/-/sites/mitransporte-768d7/versions {"name":"projects/938542202756/sites/mitransporte-768d7/versions/115dca95836a66ac","status":"CREATED","config":{},"labels":{"deployment-tool":"cli-firebase"}}
[info] i  hosting[mitransporte-768d7]: beginning deploy... 
[debug] [2024-04-27T00:32:43.166Z] Error: EPERM: operation not permitted, scandir 'C:\Users\carlo\AppData\Local\Archivos temporales de Internet'
    at Object.readdirSync (node:fs:1517:26)
    at GlobSync._readdir (C:\Users\carlo\AppData\Roaming\npm\node_modules\firebase-tools\node_modules\glob\sync.js:288:46)
    at GlobSync._readdirInGlobStar (C:\Users\carlo\AppData\Roaming\npm\node_modules\firebase-tools\node_modules\glob\sync.js:245:17)
    at GlobSync._readdir (C:\Users\carlo\AppData\Roaming\npm\node_modules\firebase-tools\node_modules\glob\sync.js:276:17)
    at GlobSync._processReaddir (C:\Users\carlo\AppData\Roaming\npm\node_modules\firebase-tools\node_modules\glob\sync.js:137:22)
    at GlobSync._process (C:\Users\carlo\AppData\Roaming\npm\node_modules\firebase-tools\node_modules\glob\sync.js:132:10)
    at GlobSync._processGlobStar (C:\Users\carlo\AppData\Roaming\npm\node_modules\firebase-tools\node_modules\glob\sync.js:380:10)
    at GlobSync._process (C:\Users\carlo\AppData\Roaming\npm\node_modules\firebase-tools\node_modules\glob\sync.js:130:10)
    at GlobSync._processGlobStar (C:\Users\carlo\AppData\Roaming\npm\node_modules\firebase-tools\node_modules\glob\sync.js:383:10)
    at GlobSync._process (C:\Users\carlo\AppData\Roaming\npm\node_modules\firebase-tools\node_modules\glob\sync.js:130:10)
[error] 
[error] Error: An unexpected error has occurred.
[debug] [2024-04-27T00:34:04.720Z] ----------------------------------------------------------------------
[debug] [2024-04-27T00:34:04.722Z] Command:       C:\Program Files\nodejs\node.exe C:\Users\carlo\AppData\Roaming\npm\node_modules\firebase-tools\lib\bin\firebase.js init hosting
[debug] [2024-04-27T00:34:04.723Z] CLI Version:   13.7.3
[debug] [2024-04-27T00:34:04.723Z] Platform:      win32
[debug] [2024-04-27T00:34:04.723Z] Node Version:  v21.4.0
[debug] [2024-04-27T00:34:04.723Z] Time:          Fri Apr 26 2024 18:34:04 GMT-0600 (hora estándar central)
[debug] [2024-04-27T00:34:04.723Z] ----------------------------------------------------------------------
[debug] 
[debug] [2024-04-27T00:34:04.812Z] > command requires scopes: ["email","openid","https://www.googleapis.com/auth/cloudplatformprojects.readonly","https://www.googleapis.com/auth/firebase","https://www.googleapis.com/auth/cloud-platform"]
[debug] [2024-04-27T00:34:04.813Z] > authorizing via signed-in user (carloivan2910@gmail.com)
[info] 
     ######## #### ########  ######## ########     ###     ######  ########
     ##        ##  ##     ## ##       ##     ##  ##   ##  ##       ##
     ######    ##  ########  ######   ########  #########  ######  ######
     ##        ##  ##    ##  ##       ##     ## ##     ##       ## ##
     ##       #### ##     ## ######## ########  ##     ##  ######  ########

You're about to initialize a Firebase project in this directory:

  C:\Users\carlo

Before we get started, keep in mind:

  * You are initializing within an existing Firebase project directory

[info] 
=== Project Setup
[info] 
[info] First, let's associate this project directory with a Firebase project.
[info] You can create multiple project aliases by running firebase use --add, 
[info] but for now we'll just set up a default project.
[info] 
[debug] [2024-04-27T00:34:07.630Z] Using project from CLI flag: mitransporte-768d7
[debug] [2024-04-27T00:34:07.635Z] >>> [apiv2][query] GET https://firebase.googleapis.com/v1beta1/projects/mitransporte-768d7 [none]
[debug] [2024-04-27T00:34:07.945Z] <<< [apiv2][status] GET https://firebase.googleapis.com/v1beta1/projects/mitransporte-768d7 200
[debug] [2024-04-27T00:34:07.945Z] <<< [apiv2][body] GET https://firebase.googleapis.com/v1beta1/projects/mitransporte-768d7 {"projectId":"mitransporte-768d7","projectNumber":"938542202756","displayName":"MITransporte","name":"projects/mitransporte-768d7","resources":{"hostingSite":"mitransporte-768d7","realtimeDatabaseInstance":"mitransporte-768d7-default-rtdb"},"state":"ACTIVE","etag":"1_c54fde8c-1b8d-43a8-a618-82aa84f741c7"}
[info] i  Using project mitransporte-768d7 (MITransporte) 
[info] 
=== Hosting Setup
[debug] [2024-04-27T00:34:08.022Z] >>> [apiv2][query] GET https://firebase.googleapis.com/v1beta1/projects/mitransporte-768d7 [none]
[debug] [2024-04-27T00:34:08.245Z] <<< [apiv2][status] GET https://firebase.googleapis.com/v1beta1/projects/mitransporte-768d7 200
[debug] [2024-04-27T00:34:08.245Z] <<< [apiv2][body] GET https://firebase.googleapis.com/v1beta1/projects/mitransporte-768d7 {"projectId":"mitransporte-768d7","projectNumber":"938542202756","displayName":"MITransporte","name":"projects/mitransporte-768d7","resources":{"hostingSite":"mitransporte-768d7","realtimeDatabaseInstance":"mitransporte-768d7-default-rtdb"},"state":"ACTIVE","etag":"1_c54fde8c-1b8d-43a8-a618-82aa84f741c7"}
[info] 
[info] Your public directory is the folder (relative to your project directory) that
[info] will contain Hosting assets to be uploaded with firebase deploy. If you
[info] have a build process for your assets, use your build's output directory.
[info] 
